<?xml version="1.0" encoding="UTF-8"?>
<!-- Generated by org.testng.reporters.JUnitReportReporter -->
<testsuite hostname="DESKTOP-AGB2LVG" name="practiceSelenium.SampleTestNGScript" tests="4" failures="0" timestamp="15 Jun 2019 10:34:20 GMT" time="0.032" errors="0">
  <testcase name="test3" time="0.012" classname="practiceSelenium.SampleTestNGScript"/>
  <testcase name="test1" time="0.003" classname="practiceSelenium.SampleTestNGScript"/>
  <testcase name="test4" time="0.002" classname="practiceSelenium.SampleTestNGScript"/>
  <testcase name="test2" time="0.015" classname="practiceSelenium.SampleTestNGScript"/>
</testsuite> <!-- practiceSelenium.SampleTestNGScript -->
