<?xml version="1.0" encoding="UTF-8"?>
<!-- Generated by org.testng.reporters.JUnitReportReporter -->
<testsuite hostname="DESKTOP-AGB2LVG" name="practiceSelenium.TestIE" tests="1" failures="0" timestamp="15 Jun 2019 13:07:51 GMT" time="8.724" errors="0">
  <testcase name="testIE" time="8.724" classname="practiceSelenium.TestIE"/>
</testsuite> <!-- practiceSelenium.TestIE -->
