<?xml version="1.0" encoding="UTF-8"?>
<!-- Generated by org.testng.reporters.JUnitReportReporter -->
<testsuite hostname="DESKTOP-AGB2LVG" name="practiceSelenium.TestNGPriority" tests="5" failures="0" timestamp="15 Jun 2019 11:18:08 GMT" time="0.014" errors="0">
  <testcase name="sampleTest" time="0.006" classname="practiceSelenium.TestNGPriority"/>
  <testcase name="fourthTest" time="0.002" classname="practiceSelenium.TestNGPriority"/>
  <testcase name="firstTest" time="0.003" classname="practiceSelenium.TestNGPriority"/>
  <testcase name="thirdTest" time="0.002" classname="practiceSelenium.TestNGPriority"/>
  <testcase name="secondTest" time="0.001" classname="practiceSelenium.TestNGPriority"/>
</testsuite> <!-- practiceSelenium.TestNGPriority -->
