<?xml version="1.0" encoding="UTF-8"?>
<!-- Generated by org.testng.reporters.JUnitReportReporter -->
<testsuite hostname="DESKTOP-AGB2LVG" name="practiceSelenium.MultipleWindowTest" tests="1" failures="0" timestamp="12 Jun 2019 02:55:32 GMT" time="45.745" errors="0">
  <testcase name="multipleWindows" time="45.745" classname="practiceSelenium.MultipleWindowTest"/>
</testsuite> <!-- practiceSelenium.MultipleWindowTest -->
