<?xml version="1.0" encoding="UTF-8"?>
<!-- Generated by org.testng.reporters.JUnitReportReporter -->
<testsuite hostname="DESKTOP-AGB2LVG" name="practiceSelenium.TestChrome" tests="1" failures="0" timestamp="27 Jun 2019 04:59:34 GMT" time="25.544" errors="0">
  <testcase name="test1" time="25.544" classname="practiceSelenium.TestChrome"/>
</testsuite> <!-- practiceSelenium.TestChrome -->
