<?xml version="1.0" encoding="UTF-8"?>
<!-- Generated by org.testng.reporters.JUnitReportReporter -->
<testsuite hostname="DESKTOP-AGB2LVG" name="practiceSelenium.POMTest" tests="1" failures="0" timestamp="11 Jun 2019 16:21:14 GMT" time="63.821" errors="0">
  <testcase name="testhomepage" time="63.821" classname="practiceSelenium.POMTest"/>
</testsuite> <!-- practiceSelenium.POMTest -->
