<?xml version="1.0" encoding="UTF-8"?>
<!-- Generated by org.testng.reporters.JUnitReportReporter -->
<testsuite hostname="DESKTOP-AGB2LVG" name="practiceSelenium.PageLoadTimeout" tests="1" failures="0" timestamp="15 Jun 2019 11:18:09 GMT" time="20.282" errors="0">
  <testcase name="test1" time="20.282" classname="practiceSelenium.PageLoadTimeout"/>
</testsuite> <!-- practiceSelenium.PageLoadTimeout -->
