<?xml version="1.0" encoding="UTF-8"?>
<!-- Generated by org.testng.reporters.JUnitReportReporter -->
<testsuite hostname="DESKTOP-AGB2LVG" name="practiceSelenium.TestFF" tests="1" failures="0" timestamp="15 Jun 2019 13:07:51 GMT" time="31.540" errors="0">
  <testcase name="testFFApplicatin" time="31.540" classname="practiceSelenium.TestFF"/>
</testsuite> <!-- practiceSelenium.TestFF -->
