<?xml version="1.0" encoding="UTF-8"?>
<!-- Generated by org.testng.reporters.JUnitReportReporter -->
<testsuite hostname="DESKTOP-AGB2LVG" name="practiceSelenium.LoginFaceBook" tests="1" failures="0" timestamp="21 May 2019 19:48:34 GMT" time="27.266" errors="0">
  <testcase name="facebookLogin" time="27.266" classname="practiceSelenium.LoginFaceBook"/>
</testsuite> <!-- practiceSelenium.LoginFaceBook -->
