<?xml version="1.0" encoding="UTF-8"?>
<!-- Generated by org.testng.reporters.JUnitReportReporter -->
<testsuite hostname="DESKTOP-AGB2LVG" name="practiceSelenium.AlertTest" tests="1" failures="0" timestamp="12 Jun 2019 02:19:41 GMT" time="26.147" errors="0">
  <testcase name="alertTest1" time="26.147" classname="practiceSelenium.AlertTest"/>
</testsuite> <!-- practiceSelenium.AlertTest -->
